<?xml version="1.0" encoding="UTF-8"?>
<testsuite xmlns:xsi="http://www.w3.org/2001/XMLSchema-instance" xsi:noNamespaceSchemaLocation="https://maven.apache.org/surefire/maven-surefire-plugin/xsd/surefire-test-report.xsd" name="com.hn.uth.testing_maven.AppTest" time="0.217" tests="18" errors="0" skipped="0" failures="0">
  <properties>
    <property name="java.specification.version" value="17"/>
    <property name="sun.cpu.isalist" value="amd64"/>
    <property name="sun.jnu.encoding" value="Cp1252"/>
    <property name="java.class.path" value="C:\projects\ProgAvanzada2_2024_02\testing-maven\target\test-classes;C:\projects\ProgAvanzada2_2024_02\testing-maven\target\classes;C:\Users\kj_al\.m2\repository\junit\junit\4.13.2\junit-4.13.2.jar;C:\Users\kj_al\.m2\repository\org\hamcrest\hamcrest-core\1.3\hamcrest-core-1.3.jar;"/>
    <property name="java.vm.vendor" value="Oracle Corporation"/>
    <property name="sun.arch.data.model" value="64"/>
    <property name="user.variant" value=""/>
    <property name="java.vendor.url" value="https://java.oracle.com/"/>
    <property name="user.timezone" value="America/Tegucigalpa"/>
    <property name="os.name" value="Windows 11"/>
    <property name="java.vm.specification.version" value="17"/>
    <property name="sun.java.launcher" value="SUN_STANDARD"/>
    <property name="user.country" value="HN"/>
    <property name="sun.boot.library.path" value="C:\Program Files\Java\jdk-17\bin"/>
    <property name="sun.java.command" value="C:\Users\kj_al\AppData\Local\Temp\surefire13942075844094280903\surefirebooter693664642789920331.jar C:\Users\kj_al\AppData\Local\Temp\surefire13942075844094280903 2024-06-07T19-13-31_590-jvmRun1 surefire7669607039443499098tmp surefire_012503723075257601711tmp"/>
    <property name="jdk.debug" value="release"/>
    <property name="surefire.test.class.path" value="C:\projects\ProgAvanzada2_2024_02\testing-maven\target\test-classes;C:\projects\ProgAvanzada2_2024_02\testing-maven\target\classes;C:\Users\kj_al\.m2\repository\junit\junit\4.13.2\junit-4.13.2.jar;C:\Users\kj_al\.m2\repository\org\hamcrest\hamcrest-core\1.3\hamcrest-core-1.3.jar;"/>
    <property name="sun.cpu.endian" value="little"/>
    <property name="user.home" value="C:\Users\kj_al"/>
    <property name="user.language" value="es"/>
    <property name="java.specification.vendor" value="Oracle Corporation"/>
    <property name="java.version.date" value="2024-01-16"/>
    <property name="java.home" value="C:\Program Files\Java\jdk-17"/>
    <property name="file.separator" value="\"/>
    <property name="style.color" value="always"/>
    <property name="basedir" value="C:\projects\ProgAvanzada2_2024_02\testing-maven"/>
    <property name="java.vm.compressedOopsMode" value="Zero based"/>
    <property name="line.separator" value="&#10;"/>
    <property name="java.vm.specification.vendor" value="Oracle Corporation"/>
    <property name="java.specification.name" value="Java Platform API Specification"/>
    <property name="surefire.real.class.path" value="C:\Users\kj_al\AppData\Local\Temp\surefire13942075844094280903\surefirebooter693664642789920331.jar"/>
    <property name="user.script" value=""/>
    <property name="sun.management.compiler" value="HotSpot 64-Bit Tiered Compilers"/>
    <property name="java.runtime.version" value="17.0.10+11-LTS-240"/>
    <property name="user.name" value="kj_al"/>
    <property name="path.separator" value=";"/>
    <property name="os.version" value="10.0"/>
    <property name="java.runtime.name" value="Java(TM) SE Runtime Environment"/>
    <property name="file.encoding" value="Cp1252"/>
    <property name="java.vm.name" value="Java HotSpot(TM) 64-Bit Server VM"/>
    <property name="localRepository" value="C:\Users\kj_al\.m2\repository"/>
    <property name="java.vendor.url.bug" value="https://bugreport.java.com/bugreport/"/>
    <property name="java.io.tmpdir" value="C:\Users\kj_al\AppData\Local\Temp\"/>
    <property name="java.version" value="17.0.10"/>
    <property name="user.dir" value="C:\projects\ProgAvanzada2_2024_02\testing-maven"/>
    <property name="os.arch" value="amd64"/>
    <property name="java.vm.specification.name" value="Java Virtual Machine Specification"/>
    <property name="sun.os.patch.level" value=""/>
    <property name="native.encoding" value="Cp1252"/>
    <property name="java.library.path" value="C:\Program Files\Java\jdk-17\bin;C:\WINDOWS\Sun\Java\bin;C:\WINDOWS\system32;C:\WINDOWS;C:\Program Files\Common Files\Oracle\Java\javapath;C:\Program Files\Odoo 16.0.20230725\python;C:\WINDOWS\system32;C:\WINDOWS;C:\WINDOWS\System32\Wbem;C:\WINDOWS\System32\WindowsPowerShell\v1.0\;C:\WINDOWS\System32\OpenSSH\;C:\maven\apache-maven-3.9.6-bin\apache-maven-3.9.6\bin;C:\Program Files\Kubernetes\Minikube;C:\WINDOWS\system32;C:\WINDOWS;C:\WINDOWS\System32\Wbem;C:\WINDOWS\System32\WindowsPowerShell\v1.0\;C:\WINDOWS\System32\OpenSSH\;C:\Program Files\Docker\Docker\resources\bin;C:\Program Files\Git\cmd;C:\Program Files\Amazon\AWSCLIV2\;C:\Program Files\PuTTY\;C:\Program Files\HP\HP One Agent;C:\WINDOWS\system32\config\systemprofile\AppData\Local\Microsoft\WindowsApps;C:\Users\kj_al\AppData\Local\Programs\Microsoft VS Code\bin;C:\Users\kj_al\AppData\Local\GitHubDesktop\bin;C:\Users\kj_al\AppData\Local\Programs\Lens\resources\cli\bin;C:\Program Files\Lens\resources\cli\bin;."/>
    <property name="java.vm.info" value="mixed mode, sharing"/>
    <property name="java.vendor" value="Oracle Corporation"/>
    <property name="java.vm.version" value="17.0.10+11-LTS-240"/>
    <property name="sun.io.unicode.encoding" value="UnicodeLittle"/>
    <property name="java.class.version" value="61.0"/>
  </properties>
  <testcase name="pruebaDivi1" classname="com.hn.uth.testing_maven.AppTest" time="0.016"/>
  <testcase name="pruebaDivi2" classname="com.hn.uth.testing_maven.AppTest" time="0"/>
  <testcase name="pruebaDivi3" classname="com.hn.uth.testing_maven.AppTest" time="0.001"/>
  <testcase name="pruebaSuma1" classname="com.hn.uth.testing_maven.AppTest" time="0"/>
  <testcase name="pruebaSuma2" classname="com.hn.uth.testing_maven.AppTest" time="0"/>
  <testcase name="pruebaSuma3" classname="com.hn.uth.testing_maven.AppTest" time="0.002"/>
  <testcase name="pruebaSuma4" classname="com.hn.uth.testing_maven.AppTest" time="0.002"/>
  <testcase name="pruebaSuma5" classname="com.hn.uth.testing_maven.AppTest" time="0.001"/>
  <testcase name="pruebaDivisionCero2" classname="com.hn.uth.testing_maven.AppTest" time="0"/>
  <testcase name="pruebaDivisionCero" classname="com.hn.uth.testing_maven.AppTest" time="0"/>
  <testcase name="pruebaMulti1" classname="com.hn.uth.testing_maven.AppTest" time="0"/>
  <testcase name="pruebaMulti2" classname="com.hn.uth.testing_maven.AppTest" time="0.001"/>
  <testcase name="pruebaMulti3" classname="com.hn.uth.testing_maven.AppTest" time="0.001"/>
  <testcase name="pruebaResta1" classname="com.hn.uth.testing_maven.AppTest" time="0"/>
  <testcase name="pruebaResta2" classname="com.hn.uth.testing_maven.AppTest" time="0.001"/>
  <testcase name="pruebaResta3" classname="com.hn.uth.testing_maven.AppTest" time="0.007"/>
  <testcase name="pruebaResta4" classname="com.hn.uth.testing_maven.AppTest" time="0.001"/>
  <testcase name="pruebaResta5" classname="com.hn.uth.testing_maven.AppTest" time="0.001"/>
</testsuite>